mode: atomic
github.com/SkurkovPavel/go-yahome/iot/account.go:10.65,14.16 3 0
github.com/SkurkovPavel/go-yahome/iot/account.go:18.2,19.53 2 0
github.com/SkurkovPavel/go-yahome/iot/account.go:23.2,23.21 1 0
github.com/SkurkovPavel/go-yahome/iot/account.go:14.16,16.3 1 0
github.com/SkurkovPavel/go-yahome/iot/account.go:19.53,21.3 1 0
github.com/SkurkovPavel/go-yahome/iot/account.go:27.57,31.16 3 2
github.com/SkurkovPavel/go-yahome/iot/account.go:35.2,36.53 2 2
github.com/SkurkovPavel/go-yahome/iot/account.go:40.2,40.21 1 1
github.com/SkurkovPavel/go-yahome/iot/account.go:31.16,33.3 1 0
github.com/SkurkovPavel/go-yahome/iot/account.go:36.53,38.3 1 1
github.com/SkurkovPavel/go-yahome/iot/devices.go:10.76,13.20 2 3
github.com/SkurkovPavel/go-yahome/iot/devices.go:17.2,18.16 2 2
github.com/SkurkovPavel/go-yahome/iot/devices.go:22.2,23.53 2 2
github.com/SkurkovPavel/go-yahome/iot/devices.go:27.2,27.21 1 1
github.com/SkurkovPavel/go-yahome/iot/devices.go:13.20,15.3 1 1
github.com/SkurkovPavel/go-yahome/iot/devices.go:18.16,20.3 1 0
github.com/SkurkovPavel/go-yahome/iot/devices.go:23.53,25.3 1 1
github.com/SkurkovPavel/go-yahome/iot/devices.go:30.64,34.16 3 0
github.com/SkurkovPavel/go-yahome/iot/devices.go:38.2,39.53 2 0
github.com/SkurkovPavel/go-yahome/iot/devices.go:43.2,43.21 1 0
github.com/SkurkovPavel/go-yahome/iot/devices.go:34.16,36.3 1 0
github.com/SkurkovPavel/go-yahome/iot/devices.go:39.53,41.3 1 0
github.com/SkurkovPavel/go-yahome/iot/devices.go:46.73,49.41 2 0
github.com/SkurkovPavel/go-yahome/iot/devices.go:53.2,54.16 2 0
github.com/SkurkovPavel/go-yahome/iot/devices.go:58.2,59.53 2 0
github.com/SkurkovPavel/go-yahome/iot/devices.go:63.2,63.29 1 0
github.com/SkurkovPavel/go-yahome/iot/devices.go:49.41,51.3 1 0
github.com/SkurkovPavel/go-yahome/iot/devices.go:54.16,56.3 1 0
github.com/SkurkovPavel/go-yahome/iot/devices.go:59.53,61.3 1 0
github.com/SkurkovPavel/go-yahome/iot/groups.go:9.73,12.19 2 3
github.com/SkurkovPavel/go-yahome/iot/groups.go:16.2,17.16 2 2
github.com/SkurkovPavel/go-yahome/iot/groups.go:21.2,22.53 2 2
github.com/SkurkovPavel/go-yahome/iot/groups.go:26.2,26.21 1 1
github.com/SkurkovPavel/go-yahome/iot/groups.go:12.19,14.3 1 1
github.com/SkurkovPavel/go-yahome/iot/groups.go:17.16,19.3 1 0
github.com/SkurkovPavel/go-yahome/iot/groups.go:22.53,24.3 1 1
github.com/SkurkovPavel/go-yahome/iot/groups.go:29.78,32.41 2 0
github.com/SkurkovPavel/go-yahome/iot/groups.go:36.2,37.16 2 0
github.com/SkurkovPavel/go-yahome/iot/groups.go:41.2,42.53 2 0
github.com/SkurkovPavel/go-yahome/iot/groups.go:46.2,46.21 1 0
github.com/SkurkovPavel/go-yahome/iot/groups.go:32.41,34.3 1 0
github.com/SkurkovPavel/go-yahome/iot/groups.go:37.16,39.3 1 0
github.com/SkurkovPavel/go-yahome/iot/groups.go:42.53,44.3 1 0
github.com/SkurkovPavel/go-yahome/iot/iot.go:12.45,14.2 1 2
github.com/SkurkovPavel/go-yahome/iot/iot.go:16.78,21.2 1 8
github.com/SkurkovPavel/go-yahome/iot/scenarios.go:9.84,12.22 2 3
github.com/SkurkovPavel/go-yahome/iot/scenarios.go:16.2,17.16 2 2
github.com/SkurkovPavel/go-yahome/iot/scenarios.go:21.2,22.53 2 2
github.com/SkurkovPavel/go-yahome/iot/scenarios.go:26.2,26.21 1 1
github.com/SkurkovPavel/go-yahome/iot/scenarios.go:12.22,14.3 1 1
github.com/SkurkovPavel/go-yahome/iot/scenarios.go:17.16,19.3 1 0
github.com/SkurkovPavel/go-yahome/iot/scenarios.go:22.53,24.3 1 1
github.com/SkurkovPavel/go-yahome/iot/validators.go:5.34,7.15 1 5
github.com/SkurkovPavel/go-yahome/iot/validators.go:11.2,11.25 1 4
github.com/SkurkovPavel/go-yahome/iot/validators.go:15.2,15.17 1 3
github.com/SkurkovPavel/go-yahome/iot/validators.go:18.2,18.18 1 2
github.com/SkurkovPavel/go-yahome/iot/validators.go:21.2,21.12 1 1
github.com/SkurkovPavel/go-yahome/iot/validators.go:7.15,9.3 1 1
github.com/SkurkovPavel/go-yahome/iot/validators.go:11.25,13.3 1 1
github.com/SkurkovPavel/go-yahome/iot/validators.go:15.17,17.3 1 1
github.com/SkurkovPavel/go-yahome/iot/validators.go:18.18,20.3 1 1
github.com/SkurkovPavel/go-yahome/iot/validators.go:23.34,24.15 1 3
github.com/SkurkovPavel/go-yahome/iot/validators.go:28.2,28.25 1 2
github.com/SkurkovPavel/go-yahome/iot/validators.go:32.2,32.12 1 1
github.com/SkurkovPavel/go-yahome/iot/validators.go:24.15,26.3 1 1
github.com/SkurkovPavel/go-yahome/iot/validators.go:28.25,30.3 1 1
github.com/SkurkovPavel/go-yahome/iot/validators.go:35.49,37.2 1 6
github.com/SkurkovPavel/go-yahome/iot/client.go:12.53,14.2 1 7
github.com/SkurkovPavel/go-yahome/iot/client.go:16.72,18.16 2 3
github.com/SkurkovPavel/go-yahome/iot/client.go:21.2,21.34 1 3
github.com/SkurkovPavel/go-yahome/iot/client.go:18.16,20.3 1 0
github.com/SkurkovPavel/go-yahome/iot/client.go:24.76,29.19 3 11
github.com/SkurkovPavel/go-yahome/iot/client.go:33.2,40.16 5 11
github.com/SkurkovPavel/go-yahome/iot/client.go:44.2,44.28 1 11
github.com/SkurkovPavel/go-yahome/iot/client.go:48.2,48.33 1 9
github.com/SkurkovPavel/go-yahome/iot/client.go:54.2,55.16 2 9
github.com/SkurkovPavel/go-yahome/iot/client.go:59.2,59.18 1 9
github.com/SkurkovPavel/go-yahome/iot/client.go:29.19,31.3 1 3
github.com/SkurkovPavel/go-yahome/iot/client.go:40.16,42.3 1 0
github.com/SkurkovPavel/go-yahome/iot/client.go:44.28,46.3 1 2
github.com/SkurkovPavel/go-yahome/iot/client.go:48.33,49.37 1 9
github.com/SkurkovPavel/go-yahome/iot/client.go:49.37,50.14 1 0
github.com/SkurkovPavel/go-yahome/iot/client.go:55.16,57.3 1 0
github.com/SkurkovPavel/go-yahome/iot/config.go:8.26,12.2 1 1
